<?xml version="1.0" encoding="UTF-8"?>
<!-- Generated by org.testng.reporters.JUnitReportReporter -->
<testsuite skipped="2" hostname="Dell" name="com.mydemo.githubapi.githubapi.Testgit" tests="3" failures="0" timestamp="30 Jul 2019 10:14:04 GMT" time="5.220" errors="0">
  <testcase name="searchRepobranch" time="5.220" classname="com.mydemo.githubapi.githubapi.Testgit"/>
  <testcase name="searchRepo" classname="com.mydemo.githubapi.githubapi.Testgit">
    <skipped/>
  </testcase> <!-- searchRepo -->
  <testcase name="searchCode" classname="com.mydemo.githubapi.githubapi.Testgit">
    <skipped/>
  </testcase> <!-- searchCode -->
</testsuite> <!-- com.mydemo.githubapi.githubapi.Testgit -->
